#
# A fatal error has been detected by the Java Runtime Environment:
#
#  EXCEPTION_ACCESS_VIOLATION (0xc0000005) at pc=0x6d166ae0, pid=3048, tid=5204
#
# JRE version: 6.0_20-b02
# Java VM: Java HotSpot(TM) Client VM (16.3-b01 mixed mode, sharing windows-x86 )
# Problematic frame:
# C  [awt.dll+0xb6ae0]
#
# If you would like to submit a bug report, please visit:
#   http://java.sun.com/webapps/bugreport/crash.jsp
# The crash happened outside the Java Virtual Machine in native code.
# See problematic frame for where to report the bug.
#

---------------  T H R E A D  ---------------

Current thread (0x01662c00):  JavaThread "AWT-Windows" daemon [_thread_in_native, id=5204, stack(0x03c30000,0x03c80000)]

siginfo: ExceptionCode=0xc0000005, reading address 0x00000000

Registers:
EAX=0x03c7f760, EBX=0x058eafd8, ECX=0x000003f8, EDX=0x000000c0
ESP=0x03c7f748, EBP=0x03c7f8b8, ESI=0x00000000, EDI=0x000000c0
EIP=0x6d166ae0, EFLAGS=0x00010216

Top of Stack: (sp=0x03c7f748)
0x03c7f748:   03c7f760 00001000 00000000 01677940
0x03c7f758:   01677900 00000556 000002c2 6d15efcc
0x03c7f768:   00000000 058f8a28 0166e2d0 01677940
0x03c7f778:   6d163743 00000000 00009824 01662d10
0x03c7f788:   00000001 00000556 fffffffe 770453fa
0x03c7f798:   00000556 00000000 e39ca043 01662d10
0x03c7f7a8:   015b70e8 00000000 00000000 00000001
0x03c7f7b8:   00000000 03c7f860 0000c2be 002b7970 

Instructions: (pc=0x6d166ae0)
0x6d166ad0:   05 00 20 00 00 50 c1 e2 05 8d 44 24 14 50 8b fa
0x6d166ae0:   8b 16 57 c1 e1 05 51 56 ff 52 2c 85 c0 0f 8c 93 


Stack: [0x03c30000,0x03c80000],  sp=0x03c7f748,  free space=13d03c7f264k
Native frames: (J=compiled Java code, j=interpreted, Vv=VM code, C=native code)
C  [awt.dll+0xb6ae0]
C  [awt.dll+0x9c6ec]
C  [USER32.dll+0x1c4e7]
C  [USER32.dll+0x1c5e7]
C  [USER32.dll+0x14f0e]
C  [USER32.dll+0x14f7d]
C  [ntdll.dll+0x46fce]
C  [USER32.dll+0x164a1]

Java frames: (J=compiled Java code, j=interpreted, Vv=VM code)
j  sun.awt.windows.WToolkit.eventLoop()V+0
j  sun.awt.windows.WToolkit.run()V+77
j  java.lang.Thread.run()V+11
v  ~StubRoutines::call_stub

---------------  P R O C E S S  ---------------

Java Threads: ( => current thread )
  0x01688000 JavaThread "TimerQueue" daemon [_thread_blocked, id=3412, stack(0x06c30000,0x06c80000)]
  0x059e8400 JavaThread "D3D Screen Updater" daemon [_thread_blocked, id=5964, stack(0x06250000,0x062a0000)]
  0x01591400 JavaThread "DestroyJavaVM" [_thread_blocked, id=4828, stack(0x00180000,0x001d0000)]
  0x0166dc00 JavaThread "AWT-EventQueue-0" [_thread_in_native, id=5452, stack(0x04090000,0x040e0000)]
=>0x01662c00 JavaThread "AWT-Windows" daemon [_thread_in_native, id=5204, stack(0x03c30000,0x03c80000)]
  0x01662400 JavaThread "AWT-Shutdown" [_thread_blocked, id=3424, stack(0x03be0000,0x03c30000)]
  0x0165fc00 JavaThread "Java2D Disposer" daemon [_thread_blocked, id=1828, stack(0x03a80000,0x03ad0000)]
  0x01606000 JavaThread "Low Memory Detector" daemon [_thread_blocked, id=4804, stack(0x038d0000,0x03920000)]
  0x01600800 JavaThread "CompilerThread0" daemon [_thread_blocked, id=4820, stack(0x03880000,0x038d0000)]
  0x015ff800 JavaThread "Attach Listener" daemon [_thread_blocked, id=2964, stack(0x03830000,0x03880000)]
  0x015fc800 JavaThread "Signal Dispatcher" daemon [_thread_blocked, id=5020, stack(0x037e0000,0x03830000)]
  0x015b9000 JavaThread "Finalizer" daemon [_thread_blocked, id=2776, stack(0x03790000,0x037e0000)]
  0x015b7c00 JavaThread "Reference Handler" daemon [_thread_blocked, id=1984, stack(0x03740000,0x03790000)]

Other Threads:
  0x015b6000 VMThread [stack: 0x00530000,0x00580000] [id=3496]
  0x01621400 WatcherThread [stack: 0x03920000,0x03970000] [id=3324]

VM state:not at safepoint (normal execution)

VM Mutex/Monitor currently owned by a thread: None

Heap
 def new generation   total 4928K, used 2355K [0x235f0000, 0x23b40000, 0x28b40000)
  eden space 4416K,  41% used [0x235f0000, 0x237bcd30, 0x23a40000)
  from space 512K, 100% used [0x23a40000, 0x23ac0000, 0x23ac0000)
  to   space 512K,   0% used [0x23ac0000, 0x23ac0000, 0x23b40000)
 tenured generation   total 10944K, used 10236K [0x28b40000, 0x295f0000, 0x335f0000)
   the space 10944K,  93% used [0x28b40000, 0x2953f1a8, 0x2953f200, 0x295f0000)
 compacting perm gen  total 12288K, used 2078K [0x335f0000, 0x341f0000, 0x375f0000)
   the space 12288K,  16% used [0x335f0000, 0x337f7978, 0x337f7a00, 0x341f0000)
    ro space 10240K,  54% used [0x375f0000, 0x37b6b760, 0x37b6b800, 0x37ff0000)
    rw space 12288K,  55% used [0x37ff0000, 0x3868f798, 0x3868f800, 0x38bf0000)

Dynamic libraries:
0x00400000 - 0x00424000 	C:\Program Files\Java\jdk1.6.0_20\bin\java.exe
0x778a0000 - 0x779dc000 	C:\Windows\SYSTEM32\ntdll.dll
0x75d30000 - 0x75e04000 	C:\Windows\system32\kernel32.dll
0x75bc0000 - 0x75c0b000 	C:\Windows\system32\KERNELBASE.dll
0x75e10000 - 0x75eb0000 	C:\Windows\system32\ADVAPI32.dll
0x76c30000 - 0x76cdc000 	C:\Windows\system32\msvcrt.dll
0x75f50000 - 0x75f69000 	C:\Windows\SYSTEM32\sechost.dll
0x76d80000 - 0x76e21000 	C:\Windows\system32\RPCRT4.dll
0x7c340000 - 0x7c396000 	C:\Program Files\Java\jdk1.6.0_20\jre\bin\msvcr71.dll
0x6d8b0000 - 0x6db47000 	C:\Program Files\Java\jdk1.6.0_20\jre\bin\client\jvm.dll
0x77030000 - 0x770f9000 	C:\Windows\system32\USER32.dll
0x77140000 - 0x7718e000 	C:\Windows\system32\GDI32.dll
0x76ce0000 - 0x76cea000 	C:\Windows\system32\LPK.dll
0x77540000 - 0x775dd000 	C:\Windows\system32\USP10.dll
0x73eb0000 - 0x73ee2000 	C:\Windows\system32\WINMM.dll
0x75eb0000 - 0x75ecf000 	C:\Windows\system32\IMM32.DLL
0x77470000 - 0x7753c000 	C:\Windows\system32\MSCTF.dll
0x75930000 - 0x7597c000 	C:\Windows\system32\apphelp.dll
0x6d860000 - 0x6d86c000 	C:\Program Files\Java\jdk1.6.0_20\jre\bin\verify.dll
0x6d3e0000 - 0x6d3ff000 	C:\Program Files\Java\jdk1.6.0_20\jre\bin\java.dll
0x6d340000 - 0x6d348000 	C:\Program Files\Java\jdk1.6.0_20\jre\bin\hpi.dll
0x77020000 - 0x77025000 	C:\Windows\system32\PSAPI.DLL
0x6d8a0000 - 0x6d8af000 	C:\Program Files\Java\jdk1.6.0_20\jre\bin\zip.dll
0x6d0b0000 - 0x6d1fa000 	C:\Program Files\Java\jdk1.6.0_20\jre\bin\awt.dll
0x71900000 - 0x71951000 	C:\Windows\system32\WINSPOOL.DRV
0x76ec0000 - 0x7701c000 	C:\Windows\system32\ole32.dll
0x74a90000 - 0x74c2e000 	C:\Windows\WinSxS\x86_microsoft.windows.common-controls_6595b64144ccf1df_6.0.7601.17514_none_41e6975e2bd6f2b2\COMCTL32.dll
0x76bc0000 - 0x76c17000 	C:\Windows\system32\SHLWAPI.dll
0x74420000 - 0x74433000 	C:\Windows\system32\DWMAPI.DLL
0x74800000 - 0x74840000 	C:\Windows\system32\uxtheme.dll
0x75980000 - 0x7598c000 	C:\Windows\system32\CRYPTBASE.dll
0x75f70000 - 0x76bba000 	C:\Windows\system32\shell32.dll
0x6d2e0000 - 0x6d334000 	C:\Program Files\Java\jdk1.6.0_20\jre\bin\fontmanager.dll
0x72110000 - 0x722d3000 	C:\Windows\system32\d3d9.dll
0x74f30000 - 0x74f39000 	C:\Windows\system32\VERSION.dll
0x72070000 - 0x72076000 	C:\Windows\system32\d3d8thk.dll
0x6a390000 - 0x6a68d000 	C:\Windows\system32\atiumdag.dll
0x6a010000 - 0x6a2e4000 	C:\Windows\system32\atiumdva.dll
0x6d6c0000 - 0x6d6d3000 	C:\Program Files\Java\jdk1.6.0_20\jre\bin\net.dll
0x77100000 - 0x77135000 	C:\Windows\system32\WS2_32.dll
0x76eb0000 - 0x76eb6000 	C:\Windows\system32\NSI.dll
0x75470000 - 0x754ac000 	C:\Windows\system32\mswsock.dll
0x75460000 - 0x75466000 	C:\Windows\System32\wship6.dll
0x6d6e0000 - 0x6d6e9000 	C:\Program Files\Java\jdk1.6.0_20\jre\bin\nio.dll
0x6d250000 - 0x6d273000 	C:\Program Files\Java\jdk1.6.0_20\jre\bin\dcpr.dll
0x76cf0000 - 0x76d73000 	C:\Windows\system32\CLBCatQ.DLL
0x77a40000 - 0x77acf000 	C:\Windows\system32\OLEAUT32.dll
0x10000000 - 0x1000d000 	C:\Program Files\Stardock\CursorFX\CurXP0.dll

VM Arguments:
jvm_args: -Dfile.encoding=UTF-8 
java_command: edoctor.Starter
Launcher Type: SUN_STANDARD

Environment Variables:
JAVA_HOME=C:\Program Files\Java\jdk1.6.0
JRE_HOME=C:\Program Files\Java\jdk1.6.0
PATH=C:\Program Files\Java\jdk1.6.0_20\bin;C:\Program Files\jEdit
USERNAME=OLUWAGBEMI
OS=Windows_NT
PROCESSOR_IDENTIFIER=x86 Family 15 Model 124 Stepping 2, AuthenticAMD



---------------  S Y S T E M  ---------------

OS: Windows 7 Build 7601 Service Pack 1

CPU:total 1 (1 cores per cpu, 1 threads per core) family 15 model 124 stepping 2, cmov, cx8, fxsr, mmx, sse, sse2, sse3, mmxext, 3dnow, 3dnowext

Memory: 4k page, physical 1830964k(780204k free), swap 3661928k(1270712k free)

vm_info: Java HotSpot(TM) Client VM (16.3-b01) for windows-x86 JRE (1.6.0_20-b02), built on Apr 12 2010 13:52:23 by "java_re" with MS VC++ 7.1 (VS2003)

time: Sun Mar 31 22:21:55 2013
elapsed time: 14711 seconds

